2026-03-17 09:32:20 [INFO] Iniciando automacao [dealernet.cadastrar_nf_produto] | Guid: 6ed77f38-e147-4458-816c-55d43a347706
2026-03-17 09:32:29 [WARNING] A filial com numero 19 não foi encontrada. Sera mantida a filial TRENTO LOCADORA durante a execucao da task
2026-03-17 09:32:29 [ERROR] A filial com numero 19 não foi encontrada. Sera mantida a filial TRENTO LOCADORA durante a execucao da task
2026-03-17 09:32:29 [SUCCESS] Login realizado!
2026-03-17 09:32:50 [SUCCESS] Importação de NFe concluída!
2026-03-17 09:33:02 [SUCCESS] XML encontrado e selecionado.
2026-03-17 09:33:02 [INFO] Direcionando para a tela de preenchimento da capa da nota...
2026-03-17 09:33:15 [SUCCESS] Categorização dos produtos da nota concluído!
2026-03-17 09:34:01 [SUCCESS] Capa da nota preenchida com sucesso!
2026-03-17 09:34:11 [SUCCESS] nota selecionada, direcionando para a tela de preenchimento da capa da nota...
2026-03-17 09:34:28 [SUCCESS] Capa da nota preenchida com sucesso!
2026-03-17 09:34:35 [INFO] Preenchendo parcela 1 de 2
2026-03-17 09:34:38 [INFO] Preenchendo parcela 2 de 2
2026-03-17 09:34:40 [SUCCESS] Parcelas cadastradas com sucesso!
2026-03-17 09:34:51 [INFO] O tempo de execução de 'cadastrar_nf_produto' foi: 153.1254 segundos

2026-03-17 09:34:51 [ERROR] Erro ao executar cadastrar_nf_produto: cannot unpack non-iterable NoneType object
2026-03-17 09:48:51 [INFO] Iniciando automacao [dealernet.cadastrar_nf_produto] | Guid: 6ed77f38-e147-4458-816c-55d43a347706
2026-03-17 09:49:01 [WARNING] A filial com numero 19 não foi encontrada. Sera mantida a filial TRENTO LOCADORA durante a execucao da task
2026-03-17 09:49:01 [ERROR] A filial com numero 19 não foi encontrada. Sera mantida a filial TRENTO LOCADORA durante a execucao da task
2026-03-17 09:49:01 [SUCCESS] Login realizado!
2026-03-17 09:49:22 [SUCCESS] Importação de NFe concluída!
2026-03-17 09:49:33 [SUCCESS] XML encontrado e selecionado.
2026-03-17 09:49:33 [INFO] Direcionando para a tela de preenchimento da capa da nota...
2026-03-17 09:49:47 [SUCCESS] Categorização dos produtos da nota concluído!
2026-03-17 09:50:32 [SUCCESS] Capa da nota preenchida com sucesso!
2026-03-17 09:50:43 [SUCCESS] nota selecionada, direcionando para a tela de preenchimento da capa da nota...
2026-03-17 09:50:59 [SUCCESS] Capa da nota preenchida com sucesso!
2026-03-17 09:51:07 [INFO] Preenchendo parcela 1 de 2
2026-03-17 09:51:10 [INFO] Preenchendo parcela 2 de 2
2026-03-17 09:51:12 [SUCCESS] Parcelas cadastradas com sucesso!
2026-03-17 09:57:42 [INFO] O tempo de execução de 'cadastrar_nf_produto' foi: 533.4499 segundos

2026-03-17 09:57:42 [ERROR] Erro ao executar cadastrar_nf_produto: Page.screenshot: Target page, context or browser has been closed
2026-03-17 13:06:36 [INFO] Iniciando automacao [dealernet.cadastrar_nf_produto] | Guid: 6ed77f38-e147-4458-816c-55d43a347706
2026-03-17 13:06:47 [WARNING] A filial com numero 19 não foi encontrada. Sera mantida a filial TRENTO LOCADORA durante a execucao da task
2026-03-17 13:06:47 [ERROR] A filial com numero 19 não foi encontrada. Sera mantida a filial TRENTO LOCADORA durante a execucao da task
2026-03-17 13:06:47 [SUCCESS] Login realizado!
2026-03-17 13:07:08 [SUCCESS] Importação de NFe concluída!
2026-03-17 13:07:20 [SUCCESS] XML encontrado e selecionado.
2026-03-17 13:07:20 [INFO] Direcionando para a tela de preenchimento da capa da nota...
2026-03-17 13:07:34 [SUCCESS] Categorização dos produtos da nota concluído!
2026-03-17 13:08:20 [SUCCESS] Capa da nota preenchida com sucesso!
2026-03-17 13:08:31 [SUCCESS] nota selecionada, direcionando para a tela de preenchimento da capa da nota...
2026-03-17 13:08:48 [SUCCESS] Capa da nota preenchida com sucesso!
2026-03-17 13:08:55 [INFO] Preenchendo parcela 1 de 2
2026-03-17 13:08:59 [INFO] Preenchendo parcela 2 de 2
2026-03-17 13:09:01 [SUCCESS] Parcelas cadastradas com sucesso!
2026-03-17 13:09:12 [INFO] O tempo de execução de 'cadastrar_nf_produto' foi: 156.7286 segundos

2026-03-17 13:09:12 [ERROR] Erro ao executar cadastrar_nf_produto: cannot unpack non-iterable NoneType object
2026-03-17 10:10:16 [INFO] Iniciando automacao [dealernet.cadastrar_nf_produto] | Guid: 6ed77f38-e147-4458-816c-55d43a347706
2026-03-17 10:10:26 [WARNING] A filial com numero 19 não foi encontrada. Sera mantida a filial TRENTO LOCADORA durante a execucao da task
2026-03-17 10:10:26 [ERROR] A filial com numero 19 não foi encontrada. Sera mantida a filial TRENTO LOCADORA durante a execucao da task
2026-03-17 10:10:26 [SUCCESS] Login realizado!
2026-03-17 10:10:47 [SUCCESS] Importação de NFe concluída!
2026-03-17 10:10:59 [SUCCESS] XML encontrado e selecionado.
2026-03-17 10:10:59 [INFO] Direcionando para a tela de preenchimento da capa da nota...
2026-03-17 10:11:12 [SUCCESS] Categorização dos produtos da nota concluído!
2026-03-17 10:11:58 [SUCCESS] Capa da nota preenchida com sucesso!
2026-03-17 10:12:08 [SUCCESS] nota selecionada, direcionando para a tela de preenchimento da capa da nota...
2026-03-17 10:12:25 [SUCCESS] Capa da nota preenchida com sucesso!
2026-03-17 10:12:32 [INFO] Preenchendo parcela 1 de 2
2026-03-17 10:12:35 [INFO] Preenchendo parcela 2 de 2
2026-03-17 10:12:37 [SUCCESS] Parcelas cadastradas com sucesso!
2026-03-17 10:13:59 [INFO] O tempo de execução de 'cadastrar_nf_produto' foi: 225.2314 segundos

2026-03-17 10:13:59 [SUCCESS] Tarefa cadastrar_nf_produto concluída com sucesso!
2026-03-17 13:18:36 [INFO] Iniciando automacao [dealernet.cadastrar_nf_produto] | Guid: 6ed77f38-e147-4458-816c-55d43a347706
2026-03-17 13:18:46 [WARNING] A filial com numero 19 não foi encontrada. Sera mantida a filial TRENTO LOCADORA durante a execucao da task
2026-03-17 13:18:46 [ERROR] A filial com numero 19 não foi encontrada. Sera mantida a filial TRENTO LOCADORA durante a execucao da task
2026-03-17 13:18:46 [SUCCESS] Login realizado!
2026-03-17 13:19:08 [SUCCESS] Importação de NFe concluída!
2026-03-17 13:19:19 [SUCCESS] XML encontrado e selecionado.
2026-03-17 13:19:19 [INFO] Direcionando para a tela de preenchimento da capa da nota...
2026-03-17 13:19:33 [SUCCESS] Categorização dos produtos da nota concluído!
2026-03-17 13:20:19 [SUCCESS] Capa da nota preenchida com sucesso!
2026-03-17 13:20:30 [SUCCESS] nota selecionada, direcionando para a tela de preenchimento da capa da nota...
2026-03-17 13:20:47 [SUCCESS] Capa da nota preenchida com sucesso!
2026-03-17 13:20:55 [INFO] Preenchendo parcela 1 de 2
2026-03-17 13:20:58 [INFO] Preenchendo parcela 2 de 2
2026-03-17 13:21:01 [SUCCESS] Parcelas cadastradas com sucesso!
2026-03-17 13:21:11 [INFO] O tempo de execução de 'cadastrar_nf_produto' foi: 156.1148 segundos

2026-03-17 13:21:11 [ERROR] Erro ao executar cadastrar_nf_produto: cannot unpack non-iterable NoneType object
2026-03-17 10:23:36 [INFO] Iniciando automacao [dealernet.cadastrar_nf_produto] | Guid: 6ed77f38-e147-4458-816c-55d43a347706
2026-03-17 10:23:47 [WARNING] A filial com numero 19 não foi encontrada. Sera mantida a filial TRENTO LOCADORA durante a execucao da task
2026-03-17 10:23:47 [ERROR] A filial com numero 19 não foi encontrada. Sera mantida a filial TRENTO LOCADORA durante a execucao da task
2026-03-17 10:23:47 [SUCCESS] Login realizado!
2026-03-17 10:24:08 [SUCCESS] Importação de NFe concluída!
2026-03-17 10:24:20 [SUCCESS] XML encontrado e selecionado.
2026-03-17 10:24:20 [INFO] Direcionando para a tela de preenchimento da capa da nota...
2026-03-17 10:24:33 [SUCCESS] Categorização dos produtos da nota concluído!
2026-03-17 10:25:19 [SUCCESS] Capa da nota preenchida com sucesso!
2026-03-17 10:25:30 [SUCCESS] nota selecionada, direcionando para a tela de preenchimento da capa da nota...
2026-03-17 10:25:46 [SUCCESS] Capa da nota preenchida com sucesso!
2026-03-17 10:25:53 [INFO] Preenchendo parcela 1 de 2
2026-03-17 10:25:57 [INFO] Preenchendo parcela 2 de 2
2026-03-17 10:25:59 [SUCCESS] Parcelas cadastradas com sucesso!
2026-03-17 10:39:54 [INFO] O tempo de execução de 'cadastrar_nf_produto' foi: 982.2980 segundos

2026-03-17 10:39:54 [ERROR] Erro ao executar cadastrar_nf_produto: Page.screenshot: Target page, context or browser has been closed
Call log:
  - taking page screenshot

2026-03-17 10:40:41 [INFO] Iniciando automacao [dealernet.cadastrar_nf_produto] | Guid: 6ed77f38-e147-4458-816c-55d43a347706
2026-03-17 10:40:51 [WARNING] A filial com numero 19 não foi encontrada. Sera mantida a filial TRENTO LOCADORA durante a execucao da task
2026-03-17 10:40:51 [ERROR] A filial com numero 19 não foi encontrada. Sera mantida a filial TRENTO LOCADORA durante a execucao da task
2026-03-17 10:40:51 [SUCCESS] Login realizado!
2026-03-17 10:41:12 [SUCCESS] Importação de NFe concluída!
2026-03-17 10:41:24 [SUCCESS] XML encontrado e selecionado.
2026-03-17 10:41:24 [INFO] Direcionando para a tela de preenchimento da capa da nota...
2026-03-17 10:41:37 [SUCCESS] Categorização dos produtos da nota concluído!
2026-03-17 10:42:22 [SUCCESS] Capa da nota preenchida com sucesso!
2026-03-17 10:42:33 [SUCCESS] nota selecionada, direcionando para a tela de preenchimento da capa da nota...
2026-03-17 10:42:49 [SUCCESS] Capa da nota preenchida com sucesso!
2026-03-17 10:42:57 [INFO] Preenchendo parcela 1 de 2
2026-03-17 10:43:00 [INFO] Preenchendo parcela 2 de 2
2026-03-17 10:43:02 [SUCCESS] Parcelas cadastradas com sucesso!
2026-03-17 10:43:16 [INFO] O tempo de execução de 'cadastrar_nf_produto' foi: 156.7567 segundos

2026-03-17 10:43:16 [SUCCESS] Tarefa cadastrar_nf_produto concluída com sucesso!
2026-03-17 13:55:32 [INFO] Iniciando automacao [dealernet.cadastrar_nf_produto] | Guid: 6ed77f38-e147-4458-816c-55d43a347706
2026-03-17 13:55:42 [WARNING] A filial com numero 19 não foi encontrada. Sera mantida a filial TRENTO LOCADORA durante a execucao da task
2026-03-17 13:55:42 [ERROR] A filial com numero 19 não foi encontrada. Sera mantida a filial TRENTO LOCADORA durante a execucao da task
2026-03-17 13:55:42 [SUCCESS] Login realizado!
2026-03-17 13:56:03 [SUCCESS] Importação de NFe concluída!
2026-03-17 13:56:15 [SUCCESS] XML encontrado e selecionado.
2026-03-17 13:56:15 [INFO] Direcionando para a tela de preenchimento da capa da nota...
2026-03-17 13:56:28 [SUCCESS] Categorização dos produtos da nota concluído!
2026-03-17 13:57:15 [SUCCESS] Capa da nota preenchida com sucesso!
2026-03-17 13:57:26 [SUCCESS] nota selecionada, direcionando para a tela de preenchimento da capa da nota...
2026-03-17 13:57:43 [SUCCESS] Capa da nota preenchida com sucesso!
2026-03-17 13:57:50 [INFO] Preenchendo parcela 1 de 2
2026-03-17 13:57:53 [INFO] Preenchendo parcela 2 de 2
2026-03-17 13:57:56 [SUCCESS] Parcelas cadastradas com sucesso!
2026-03-17 13:58:10 [INFO] O tempo de execução de 'cadastrar_nf_produto' foi: 158.9847 segundos

2026-03-17 13:58:10 [SUCCESS] Tarefa cadastrar_nf_produto concluída com sucesso!
