2026-03-11 11:45:15 [ERROR] 'NoneType' object has no attribute 'get'
2026-03-11 11:45:15 [ERROR] 'NoneType' object has no attribute 'get'
2026-03-11 11:45:15 [INFO] O tempo de execução de 'cadastro_nf_produto' foi: 6.9771 segundos

2026-03-11 11:47:26 [INFO] O tempo de execução de 'cadastro_nf_produto' foi: 20.0369 segundos

2026-03-11 11:53:53 [INFO] O tempo de execução de 'cadastro_nf_produto' foi: 384.5866 segundos

2026-03-11 11:56:06 [INFO] O tempo de execução de 'cadastro_nf_produto' foi: 70.9821 segundos

2026-03-11 11:56:37 [INFO] O tempo de execução de 'cadastro_nf_produto' foi: 30.8288 segundos

2026-03-11 11:57:11 [SUCCESS] Login realizado!
2026-03-11 11:57:51 [INFO] O tempo de execução de 'cadastro_nf_produto' foi: 47.5013 segundos

2026-03-11 11:59:02 [WARNING] A filial com numero 19 não foi encontrada. Sera mantida a filial TRENTO LOCADORA durante a execucao da task
2026-03-11 11:59:07 [ERROR] A filial com numero 19 não foi encontrada. Sera mantida a filial TRENTO LOCADORA durante a execucao da task
2026-03-11 11:59:07 [SUCCESS] Login realizado!
2026-03-11 11:59:09 [INFO] O tempo de execução de 'cadastro_nf_produto' foi: 76.1501 segundos

2026-03-11 13:16:24 [WARNING] A filial com numero 19 não foi encontrada. Sera mantida a filial TRENTO LOCADORA durante a execucao da task
2026-03-11 13:16:24 [ERROR] A filial com numero 19 não foi encontrada. Sera mantida a filial TRENTO LOCADORA durante a execucao da task
2026-03-11 13:16:24 [SUCCESS] Login realizado!
2026-03-11 13:16:45 [ERROR] 'Logger' object has no attribute 'succcess'
2026-03-11 13:16:45 [ERROR] 'Logger' object has no attribute 'succcess'
2026-03-11 13:16:45 [INFO] O tempo de execução de 'cadastro_nf_produto' foi: 29.4024 segundos

2026-03-11 13:18:10 [WARNING] A filial com numero 19 não foi encontrada. Sera mantida a filial TRENTO LOCADORA durante a execucao da task
2026-03-11 13:18:10 [ERROR] A filial com numero 19 não foi encontrada. Sera mantida a filial TRENTO LOCADORA durante a execucao da task
2026-03-11 13:18:10 [SUCCESS] Login realizado!
2026-03-11 13:18:12 [ERROR] Elemento '//*[@id="vINTEGRACAOXMLNF_DATAEMISSAOINICIAL"]' não encontrado.
2026-03-11 13:18:12 [ERROR] Elemento '//*[@id="vINTEGRACAOXMLNF_DATAEMISSAOINICIAL"]' não encontrado.
2026-03-11 13:18:13 [INFO] O tempo de execução de 'cadastro_nf_produto' foi: 10.1525 segundos

2026-03-11 13:25:56 [WARNING] A filial com numero 19 não foi encontrada. Sera mantida a filial TRENTO LOCADORA durante a execucao da task
2026-03-11 13:25:56 [ERROR] A filial com numero 19 não foi encontrada. Sera mantida a filial TRENTO LOCADORA durante a execucao da task
2026-03-11 13:25:56 [SUCCESS] Login realizado!
2026-03-11 13:26:04 [ERROR] Elemento '#vINTEGRACAOXMLNF_DATAEMISSAOINICIAL' não encontrado.
2026-03-11 13:26:04 [ERROR] Elemento '#vINTEGRACAOXMLNF_DATAEMISSAOINICIAL' não encontrado.
2026-03-11 13:26:04 [INFO] O tempo de execução de 'cadastro_nf_produto' foi: 24.6688 segundos

2026-03-11 13:26:35 [WARNING] A filial com numero 19 não foi encontrada. Sera mantida a filial TRENTO LOCADORA durante a execucao da task
2026-03-11 13:26:35 [ERROR] A filial com numero 19 não foi encontrada. Sera mantida a filial TRENTO LOCADORA durante a execucao da task
2026-03-11 13:26:35 [SUCCESS] Login realizado!
2026-03-11 13:26:56 [SUCCESS] Importação de NFe concluída!
2026-03-11 13:27:32 [ERROR] Locator.wait_for: Timeout 30000ms exceeded.
Call log:
  - waiting for locator("#GridxmlContainerTbl tbody tr") to be visible

2026-03-11 13:27:32 [ERROR] Locator.wait_for: Timeout 30000ms exceeded.
Call log:
  - waiting for locator("#GridxmlContainerTbl tbody tr") to be visible

2026-03-11 13:27:32 [INFO] O tempo de execução de 'cadastro_nf_produto' foi: 65.2988 segundos

2026-03-11 13:34:34 [WARNING] A filial com numero 19 não foi encontrada. Sera mantida a filial TRENTO LOCADORA durante a execucao da task
2026-03-11 13:34:34 [ERROR] A filial com numero 19 não foi encontrada. Sera mantida a filial TRENTO LOCADORA durante a execucao da task
2026-03-11 13:34:34 [SUCCESS] Login realizado!
2026-03-11 13:34:55 [SUCCESS] Importação de NFe concluída!
2026-03-11 13:35:01 [ERROR] 'NoneType' object has no attribute 'wait_for'
2026-03-11 13:35:01 [ERROR] 'NoneType' object has no attribute 'wait_for'
2026-03-11 13:35:02 [INFO] O tempo de execução de 'cadastro_nf_produto' foi: 35.4709 segundos

2026-03-11 13:52:34 [WARNING] A filial com numero 19 não foi encontrada. Sera mantida a filial TRENTO LOCADORA durante a execucao da task
2026-03-11 13:52:34 [ERROR] A filial com numero 19 não foi encontrada. Sera mantida a filial TRENTO LOCADORA durante a execucao da task
2026-03-11 13:52:34 [SUCCESS] Login realizado!
2026-03-11 13:53:03 [SUCCESS] XML encontrado e selecionado.
2026-03-11 13:53:03 [INFO] Direcionando para a tela de preenchimento da capa da nota...
2026-03-11 13:53:56 [INFO] O tempo de execução de 'cadastro_nf_produto' foi: 89.4907 segundos

2026-03-11 13:54:05 [WARNING] A filial com numero 19 não foi encontrada. Sera mantida a filial TRENTO LOCADORA durante a execucao da task
2026-03-11 13:54:05 [ERROR] A filial com numero 19 não foi encontrada. Sera mantida a filial TRENTO LOCADORA durante a execucao da task
2026-03-11 13:54:05 [SUCCESS] Login realizado!
2026-03-11 13:54:30 [SUCCESS] XML encontrado e selecionado.
2026-03-11 13:54:30 [INFO] Direcionando para a tela de preenchimento da capa da nota...
2026-03-11 13:58:06 [INFO] O tempo de execução de 'cadastro_nf_produto' foi: 248.7091 segundos

2026-03-11 13:58:16 [WARNING] A filial com numero 19 não foi encontrada. Sera mantida a filial TRENTO LOCADORA durante a execucao da task
2026-03-11 13:58:16 [ERROR] A filial com numero 19 não foi encontrada. Sera mantida a filial TRENTO LOCADORA durante a execucao da task
2026-03-11 13:58:16 [SUCCESS] Login realizado!
2026-03-11 14:00:21 [INFO] O tempo de execução de 'cadastro_nf_produto' foi: 132.5225 segundos

2026-03-11 14:00:31 [WARNING] A filial com numero 19 não foi encontrada. Sera mantida a filial TRENTO LOCADORA durante a execucao da task
2026-03-11 14:00:31 [ERROR] A filial com numero 19 não foi encontrada. Sera mantida a filial TRENTO LOCADORA durante a execucao da task
2026-03-11 14:00:31 [SUCCESS] Login realizado!
2026-03-11 14:01:53 [INFO] O tempo de execução de 'cadastro_nf_produto' foi: 90.2150 segundos

2026-03-11 14:02:04 [WARNING] A filial com numero 19 não foi encontrada. Sera mantida a filial TRENTO LOCADORA durante a execucao da task
2026-03-11 14:02:04 [ERROR] A filial com numero 19 não foi encontrada. Sera mantida a filial TRENTO LOCADORA durante a execucao da task
2026-03-11 14:02:04 [SUCCESS] Login realizado!
2026-03-11 14:02:23 [ERROR] Inner "has" locator must belong to the same frame.
2026-03-11 14:02:23 [ERROR] Inner "has" locator must belong to the same frame.
2026-03-11 14:02:23 [INFO] O tempo de execução de 'cadastro_nf_produto' foi: 28.3952 segundos

2026-03-11 14:03:07 [WARNING] A filial com numero 19 não foi encontrada. Sera mantida a filial TRENTO LOCADORA durante a execucao da task
2026-03-11 14:03:07 [ERROR] A filial com numero 19 não foi encontrada. Sera mantida a filial TRENTO LOCADORA durante a execucao da task
2026-03-11 14:03:07 [SUCCESS] Login realizado!
2026-03-11 14:05:26 [INFO] O tempo de execução de 'cadastro_nf_produto' foi: 146.7744 segundos

2026-03-11 14:05:36 [WARNING] A filial com numero 19 não foi encontrada. Sera mantida a filial TRENTO LOCADORA durante a execucao da task
2026-03-11 14:05:36 [ERROR] A filial com numero 19 não foi encontrada. Sera mantida a filial TRENTO LOCADORA durante a execucao da task
2026-03-11 14:05:36 [SUCCESS] Login realizado!
2026-03-11 14:08:32 [INFO] O tempo de execução de 'cadastro_nf_produto' foi: 184.3908 segundos

2026-03-11 14:08:42 [WARNING] A filial com numero 19 não foi encontrada. Sera mantida a filial TRENTO LOCADORA durante a execucao da task
2026-03-11 14:08:42 [ERROR] A filial com numero 19 não foi encontrada. Sera mantida a filial TRENTO LOCADORA durante a execucao da task
2026-03-11 14:08:42 [SUCCESS] Login realizado!
2026-03-11 14:09:14 [ERROR] 'function' object has no attribute 'first'
2026-03-11 14:09:14 [ERROR] 'function' object has no attribute 'first'
2026-03-11 14:09:14 [INFO] O tempo de execução de 'cadastro_nf_produto' foi: 40.0066 segundos

2026-03-11 14:09:37 [WARNING] A filial com numero 19 não foi encontrada. Sera mantida a filial TRENTO LOCADORA durante a execucao da task
2026-03-11 14:09:37 [ERROR] A filial com numero 19 não foi encontrada. Sera mantida a filial TRENTO LOCADORA durante a execucao da task
2026-03-11 14:09:37 [SUCCESS] Login realizado!
2026-03-11 14:10:30 [ERROR] Locator.click: Timeout 30000ms exceeded.
Call log:
  - waiting for locator("#GridxmlContainerTbl > tbody > tr").filter(has=locator("#GridxmlContainerTbl > tbody > tr").locator("td[colindex=\"6\"] > span").filter(has_text="3a261e15-8cf6-4906-8af8-937b4923abb7_41251073402711000166550020004686321140280567-procnfe")).locator("td[colindex=\"10\"] > a")

2026-03-11 14:10:30 [ERROR] Locator.click: Timeout 30000ms exceeded.
Call log:
  - waiting for locator("#GridxmlContainerTbl > tbody > tr").filter(has=locator("#GridxmlContainerTbl > tbody > tr").locator("td[colindex=\"6\"] > span").filter(has_text="3a261e15-8cf6-4906-8af8-937b4923abb7_41251073402711000166550020004686321140280567-procnfe")).locator("td[colindex=\"10\"] > a")

2026-03-11 14:10:30 [INFO] O tempo de execução de 'cadastro_nf_produto' foi: 60.5936 segundos

2026-03-11 14:30:42 [WARNING] A filial com numero 19 não foi encontrada. Sera mantida a filial TRENTO LOCADORA durante a execucao da task
2026-03-11 14:30:42 [ERROR] A filial com numero 19 não foi encontrada. Sera mantida a filial TRENTO LOCADORA durante a execucao da task
2026-03-11 14:30:42 [SUCCESS] Login realizado!
2026-03-11 14:31:24 [SUCCESS] XML encontrado e selecionado.
2026-03-11 14:31:24 [INFO] Direcionando para a tela de preenchimento da capa da nota...
2026-03-11 14:31:43 [SUCCESS] Categorização dos produtos da nota concluído!
2026-03-11 14:32:30 [ERROR] Não foi possivel preencher a capa da nota, erro: 'str' object has no attribute 'is_visible'
2026-03-11 14:32:30 [ERROR] 'str' object has no attribute 'is_visible'
2026-03-11 14:32:30 [INFO] O tempo de execução de 'cadastro_nf_produto' foi: 116.2960 segundos

2026-03-11 14:33:42 [INFO] O tempo de execução de 'cadastro_nf_produto' foi: 7.8956 segundos

2026-03-11 14:33:52 [WARNING] A filial com numero 19 não foi encontrada. Sera mantida a filial TRENTO LOCADORA durante a execucao da task
2026-03-11 14:33:52 [ERROR] A filial com numero 19 não foi encontrada. Sera mantida a filial TRENTO LOCADORA durante a execucao da task
2026-03-11 14:33:52 [SUCCESS] Login realizado!
2026-03-11 14:34:04 [SUCCESS] XML encontrado e selecionado.
2026-03-11 14:34:04 [INFO] Direcionando para a tela de preenchimento da capa da nota...
2026-03-11 14:34:28 [SUCCESS] Categorização dos produtos da nota concluído!
2026-03-11 14:35:19 [ERROR] Não foi possivel preencher a capa da nota, erro: A mensagem de aviso de processamento da nota nao foi acionada, verifique.
2026-03-11 14:35:19 [ERROR] A mensagem de aviso de processamento da nota nao foi acionada, verifique.
2026-03-11 14:35:19 [INFO] O tempo de execução de 'cadastro_nf_produto' foi: 94.6052 segundos

2026-03-11 14:36:08 [WARNING] A filial com numero 19 não foi encontrada. Sera mantida a filial TRENTO LOCADORA durante a execucao da task
2026-03-11 14:36:08 [ERROR] A filial com numero 19 não foi encontrada. Sera mantida a filial TRENTO LOCADORA durante a execucao da task
2026-03-11 14:36:08 [SUCCESS] Login realizado!
2026-03-11 14:36:20 [SUCCESS] XML encontrado e selecionado.
2026-03-11 14:36:20 [INFO] Direcionando para a tela de preenchimento da capa da nota...
2026-03-11 14:36:33 [SUCCESS] Categorização dos produtos da nota concluído!
2026-03-11 14:43:41 [INFO] O tempo de execução de 'cadastro_nf_produto' foi: 461.1428 segundos

2026-03-11 14:43:51 [WARNING] A filial com numero 19 não foi encontrada. Sera mantida a filial TRENTO LOCADORA durante a execucao da task
2026-03-11 14:43:51 [ERROR] A filial com numero 19 não foi encontrada. Sera mantida a filial TRENTO LOCADORA durante a execucao da task
2026-03-11 14:43:51 [SUCCESS] Login realizado!
2026-03-11 14:44:03 [SUCCESS] XML encontrado e selecionado.
2026-03-11 14:44:03 [INFO] Direcionando para a tela de preenchimento da capa da nota...
2026-03-11 14:44:16 [SUCCESS] Categorização dos produtos da nota concluído!
2026-03-11 14:47:54 [WARNING] A filial com numero 19 não foi encontrada. Sera mantida a filial TRENTO LOCADORA durante a execucao da task
2026-03-11 14:47:54 [ERROR] A filial com numero 19 não foi encontrada. Sera mantida a filial TRENTO LOCADORA durante a execucao da task
2026-03-11 14:47:54 [SUCCESS] Login realizado!
2026-03-11 14:48:05 [SUCCESS] XML encontrado e selecionado.
2026-03-11 14:48:05 [INFO] Direcionando para a tela de preenchimento da capa da nota...
2026-03-11 14:48:19 [SUCCESS] Categorização dos produtos da nota concluído!
2026-03-11 14:52:42 [INFO] O tempo de execução de 'cadastro_nf_produto' foi: 296.0909 segundos

2026-03-11 14:52:52 [WARNING] A filial com numero 19 não foi encontrada. Sera mantida a filial TRENTO LOCADORA durante a execucao da task
2026-03-11 14:52:52 [ERROR] A filial com numero 19 não foi encontrada. Sera mantida a filial TRENTO LOCADORA durante a execucao da task
2026-03-11 14:52:52 [SUCCESS] Login realizado!
2026-03-11 14:53:03 [SUCCESS] XML encontrado e selecionado.
2026-03-11 14:53:03 [INFO] Direcionando para a tela de preenchimento da capa da nota...
2026-03-11 14:53:17 [SUCCESS] Categorização dos produtos da nota concluído!
2026-03-11 15:36:10 [INFO] O tempo de execução de 'cadastro_nf_produto' foi: 2606.1167 segundos

2026-03-11 15:36:20 [WARNING] A filial com numero 19 não foi encontrada. Sera mantida a filial TRENTO LOCADORA durante a execucao da task
2026-03-11 15:36:20 [ERROR] A filial com numero 19 não foi encontrada. Sera mantida a filial TRENTO LOCADORA durante a execucao da task
2026-03-11 15:36:20 [SUCCESS] Login realizado!
2026-03-11 15:36:31 [SUCCESS] XML encontrado e selecionado.
2026-03-11 15:36:31 [INFO] Direcionando para a tela de preenchimento da capa da nota...
2026-03-11 15:36:45 [SUCCESS] Categorização dos produtos da nota concluído!
2026-03-11 15:38:07 [ERROR] Não foi possivel preencher a capa da nota, erro: A mensagem de aviso de processamento da nota nao foi acionada, verifique.
2026-03-11 15:38:07 [ERROR] A mensagem de aviso de processamento da nota nao foi acionada, verifique.
2026-03-11 15:38:08 [INFO] O tempo de execução de 'cadastro_nf_produto' foi: 115.8916 segundos

2026-03-11 15:41:28 [INFO] O tempo de execução de 'cadastro_nf_produto' foi: 23.3145 segundos

2026-03-11 15:41:37 [WARNING] A filial com numero 19 não foi encontrada. Sera mantida a filial TRENTO LOCADORA durante a execucao da task
2026-03-11 15:41:37 [ERROR] A filial com numero 19 não foi encontrada. Sera mantida a filial TRENTO LOCADORA durante a execucao da task
2026-03-11 15:41:37 [SUCCESS] Login realizado!
2026-03-11 15:41:49 [SUCCESS] XML encontrado e selecionado.
2026-03-11 15:41:49 [INFO] Direcionando para a tela de preenchimento da capa da nota...
2026-03-11 15:42:02 [SUCCESS] Categorização dos produtos da nota concluído!
2026-03-11 15:49:05 [INFO] O tempo de execução de 'cadastro_nf_produto' foi: 455.6363 segundos

2026-03-11 15:49:15 [WARNING] A filial com numero 19 não foi encontrada. Sera mantida a filial TRENTO LOCADORA durante a execucao da task
2026-03-11 15:49:15 [ERROR] A filial com numero 19 não foi encontrada. Sera mantida a filial TRENTO LOCADORA durante a execucao da task
2026-03-11 15:49:15 [SUCCESS] Login realizado!
2026-03-11 15:49:26 [SUCCESS] XML encontrado e selecionado.
2026-03-11 15:49:26 [INFO] Direcionando para a tela de preenchimento da capa da nota...
2026-03-11 15:49:37 [WARNING] A filial com numero 19 não foi encontrada. Sera mantida a filial TRENTO LOCADORA durante a execucao da task
2026-03-11 15:49:37 [ERROR] A filial com numero 19 não foi encontrada. Sera mantida a filial TRENTO LOCADORA durante a execucao da task
2026-03-11 15:49:37 [SUCCESS] Login realizado!
2026-03-11 15:49:49 [SUCCESS] XML encontrado e selecionado.
2026-03-11 15:49:49 [INFO] Direcionando para a tela de preenchimento da capa da nota...
2026-03-11 15:50:02 [SUCCESS] Categorização dos produtos da nota concluído!
2026-03-11 15:50:48 [ERROR] Não foi possivel preencher a capa da nota, erro: A mensagem de aviso de processamento da nota nao foi acionada, verifique.
2026-03-11 15:50:48 [ERROR] A mensagem de aviso de processamento da nota nao foi acionada, verifique.
2026-03-11 15:50:48 [INFO] O tempo de execução de 'cadastro_nf_produto' foi: 79.2062 segundos

2026-03-11 16:07:13 [WARNING] A filial com numero 19 não foi encontrada. Sera mantida a filial TRENTO LOCADORA durante a execucao da task
2026-03-11 16:07:13 [ERROR] A filial com numero 19 não foi encontrada. Sera mantida a filial TRENTO LOCADORA durante a execucao da task
2026-03-11 16:07:13 [SUCCESS] Login realizado!
2026-03-11 16:07:25 [SUCCESS] XML encontrado e selecionado.
2026-03-11 16:07:25 [INFO] Direcionando para a tela de preenchimento da capa da nota...
2026-03-11 16:07:38 [SUCCESS] Categorização dos produtos da nota concluído!
2026-03-11 16:08:11 [ERROR] Não foi possivel preencher a capa da nota, erro: 'NoneType' object has no attribute 'nth'
2026-03-11 16:08:11 [ERROR] 'NoneType' object has no attribute 'nth'
2026-03-11 16:08:12 [INFO] O tempo de execução de 'cadastro_nf_produto' foi: 68.4231 segundos

2026-03-11 16:09:37 [WARNING] A filial com numero 19 não foi encontrada. Sera mantida a filial TRENTO LOCADORA durante a execucao da task
2026-03-11 16:09:37 [ERROR] A filial com numero 19 não foi encontrada. Sera mantida a filial TRENTO LOCADORA durante a execucao da task
2026-03-11 16:09:37 [SUCCESS] Login realizado!
2026-03-11 16:09:48 [SUCCESS] XML encontrado e selecionado.
2026-03-11 16:09:48 [INFO] Direcionando para a tela de preenchimento da capa da nota...
2026-03-11 16:10:02 [SUCCESS] Categorização dos produtos da nota concluído!
2026-03-11 16:11:04 [INFO] O tempo de execução de 'cadastro_nf_produto' foi: 97.6126 segundos

2026-03-11 16:11:17 [WARNING] A filial com numero 19 não foi encontrada. Sera mantida a filial TRENTO LOCADORA durante a execucao da task
2026-03-11 16:11:17 [ERROR] A filial com numero 19 não foi encontrada. Sera mantida a filial TRENTO LOCADORA durante a execucao da task
2026-03-11 16:11:17 [SUCCESS] Login realizado!
2026-03-11 16:11:29 [SUCCESS] XML encontrado e selecionado.
2026-03-11 16:11:29 [INFO] Direcionando para a tela de preenchimento da capa da nota...
2026-03-11 16:11:42 [SUCCESS] Categorização dos produtos da nota concluído!
2026-03-11 16:12:15 [ERROR] Não foi possivel preencher a capa da nota, erro: 'NoneType' object has no attribute 'wait_for'
2026-03-11 16:12:15 [ERROR] 'NoneType' object has no attribute 'wait_for'
2026-03-11 16:12:15 [INFO] O tempo de execução de 'cadastro_nf_produto' foi: 67.9341 segundos

2026-03-11 16:21:40 [WARNING] A filial com numero 19 não foi encontrada. Sera mantida a filial TRENTO LOCADORA durante a execucao da task
2026-03-11 16:21:40 [ERROR] A filial com numero 19 não foi encontrada. Sera mantida a filial TRENTO LOCADORA durante a execucao da task
2026-03-11 16:21:40 [SUCCESS] Login realizado!
2026-03-11 16:21:52 [SUCCESS] XML encontrado e selecionado.
2026-03-11 16:21:52 [INFO] Direcionando para a tela de preenchimento da capa da nota...
2026-03-11 16:22:05 [SUCCESS] Categorização dos produtos da nota concluído!
2026-03-11 16:23:14 [ERROR] Não foi possivel preencher a capa da nota, erro: Locator.wait_for: Timeout 30000ms exceeded.
Call log:
  - waiting for locator("#gxErrorViewer").first to be visible
    63 × locator resolved to hidden <span id="gxErrorViewer" class="ErrorViewer gx_ev ErrorViewerBullet"></span>

2026-03-11 16:23:14 [ERROR] Locator.wait_for: Timeout 30000ms exceeded.
Call log:
  - waiting for locator("#gxErrorViewer").first to be visible
    63 × locator resolved to hidden <span id="gxErrorViewer" class="ErrorViewer gx_ev ErrorViewerBullet"></span>

2026-03-11 16:23:14 [INFO] O tempo de execução de 'cadastro_nf_produto' foi: 101.4517 segundos

2026-03-11 16:24:08 [WARNING] A filial com numero 19 não foi encontrada. Sera mantida a filial TRENTO LOCADORA durante a execucao da task
2026-03-11 16:24:08 [ERROR] A filial com numero 19 não foi encontrada. Sera mantida a filial TRENTO LOCADORA durante a execucao da task
2026-03-11 16:24:08 [SUCCESS] Login realizado!
2026-03-11 16:24:20 [SUCCESS] XML encontrado e selecionado.
2026-03-11 16:24:20 [INFO] Direcionando para a tela de preenchimento da capa da nota...
2026-03-11 16:24:33 [SUCCESS] Categorização dos produtos da nota concluído!
2026-03-11 16:52:05 [INFO] O tempo de execução de 'cadastro_nf_produto' foi: 1684.4064 segundos

2026-03-11 16:52:15 [WARNING] A filial com numero 19 não foi encontrada. Sera mantida a filial TRENTO LOCADORA durante a execucao da task
2026-03-11 16:52:15 [ERROR] A filial com numero 19 não foi encontrada. Sera mantida a filial TRENTO LOCADORA durante a execucao da task
2026-03-11 16:52:15 [SUCCESS] Login realizado!
2026-03-11 16:52:27 [SUCCESS] XML encontrado e selecionado.
2026-03-11 16:52:27 [INFO] Direcionando para a tela de preenchimento da capa da nota...
2026-03-11 16:52:40 [SUCCESS] Categorização dos produtos da nota concluído!
2026-03-11 16:53:52 [ERROR] Não foi possivel preencher a capa da nota, erro: Locator.wait_for: Timeout 30000ms exceeded.
Call log:
  - waiting for locator("#gxErrorViewer").first to be visible
    63 × locator resolved to hidden <span id="gxErrorViewer" class="ErrorViewer gx_ev ErrorViewerBullet"></span>

2026-03-11 16:53:52 [ERROR] Locator.wait_for: Timeout 30000ms exceeded.
Call log:
  - waiting for locator("#gxErrorViewer").first to be visible
    63 × locator resolved to hidden <span id="gxErrorViewer" class="ErrorViewer gx_ev ErrorViewerBullet"></span>

2026-03-11 16:53:53 [INFO] O tempo de execução de 'cadastro_nf_produto' foi: 105.6546 segundos

2026-03-11 16:55:34 [WARNING] A filial com numero 19 não foi encontrada. Sera mantida a filial TRENTO LOCADORA durante a execucao da task
2026-03-11 16:55:34 [ERROR] A filial com numero 19 não foi encontrada. Sera mantida a filial TRENTO LOCADORA durante a execucao da task
2026-03-11 16:55:34 [SUCCESS] Login realizado!
2026-03-11 16:55:46 [SUCCESS] XML encontrado e selecionado.
2026-03-11 16:55:46 [INFO] Direcionando para a tela de preenchimento da capa da nota...
2026-03-11 16:55:59 [SUCCESS] Categorização dos produtos da nota concluído!
2026-03-11 16:57:10 [ERROR] Não foi possivel preencher a capa da nota, erro: Locator.wait_for: Timeout 30000ms exceeded.
Call log:
  - waiting for locator("#gxErrorViewer > div").first to be visible
    63 × locator resolved to hidden <div>Nota Fiscal Processada com Sucesso</div>

2026-03-11 16:57:10 [ERROR] Locator.wait_for: Timeout 30000ms exceeded.
Call log:
  - waiting for locator("#gxErrorViewer > div").first to be visible
    63 × locator resolved to hidden <div>Nota Fiscal Processada com Sucesso</div>

2026-03-11 16:57:10 [INFO] O tempo de execução de 'cadastro_nf_produto' foi: 104.3132 segundos

2026-03-11 16:59:17 [WARNING] A filial com numero 19 não foi encontrada. Sera mantida a filial TRENTO LOCADORA durante a execucao da task
2026-03-11 16:59:17 [ERROR] A filial com numero 19 não foi encontrada. Sera mantida a filial TRENTO LOCADORA durante a execucao da task
2026-03-11 16:59:17 [SUCCESS] Login realizado!
2026-03-11 16:59:28 [SUCCESS] XML encontrado e selecionado.
2026-03-11 16:59:28 [INFO] Direcionando para a tela de preenchimento da capa da nota...
2026-03-11 16:59:41 [SUCCESS] Categorização dos produtos da nota concluído!
2026-03-11 17:01:37 [SUCCESS] Capa da nota preenchida com sucesso!
2026-03-11 17:01:45 [INFO] O tempo de execução de 'cadastro_nf_produto' foi: 155.8203 segundos

2026-03-11 17:01:53 [ERROR] Elemento '#W0038TABLECENTRO' não encontrado.
2026-03-11 17:01:53 [ERROR] Elemento '#W0038TABLECENTRO' não encontrado.
2026-03-11 17:01:53 [INFO] O tempo de execução de 'cadastro_nf_produto' foi: 6.7390 segundos

2026-03-11 17:02:09 [WARNING] A filial com numero 19 não foi encontrada. Sera mantida a filial TRENTO LOCADORA durante a execucao da task
2026-03-11 17:02:09 [ERROR] A filial com numero 19 não foi encontrada. Sera mantida a filial TRENTO LOCADORA durante a execucao da task
2026-03-11 17:02:09 [SUCCESS] Login realizado!
2026-03-11 17:02:21 [SUCCESS] XML encontrado e selecionado.
2026-03-11 17:02:21 [INFO] Direcionando para a tela de preenchimento da capa da nota...
2026-03-11 17:02:34 [SUCCESS] Categorização dos produtos da nota concluído!
2026-03-11 17:03:13 [ERROR] Não foi possivel preencher a capa da nota, erro: 'NoneType' object has no attribute 'nth'
2026-03-11 17:03:13 [ERROR] 'NoneType' object has no attribute 'nth'
2026-03-11 17:03:13 [INFO] O tempo de execução de 'cadastro_nf_produto' foi: 72.2591 segundos

2026-03-11 17:04:05 [WARNING] A filial com numero 19 não foi encontrada. Sera mantida a filial TRENTO LOCADORA durante a execucao da task
2026-03-11 17:04:05 [ERROR] A filial com numero 19 não foi encontrada. Sera mantida a filial TRENTO LOCADORA durante a execucao da task
2026-03-11 17:04:05 [SUCCESS] Login realizado!
2026-03-11 17:04:16 [SUCCESS] XML encontrado e selecionado.
2026-03-11 17:04:16 [INFO] Direcionando para a tela de preenchimento da capa da nota...
2026-03-11 17:04:30 [SUCCESS] Categorização dos produtos da nota concluído!
2026-03-11 17:05:08 [ERROR] Não foi possivel preencher a capa da nota, erro: Locator.wait_for: Error: strict mode violation: locator("#gxErrorViewer > div") resolved to 4 elements:
    1) <div>Nota Fiscal Processada com Sucesso</div> aka locator("#Linhamenu").get_by_text("Nota Fiscal Processada com")
    2) <div>Tributo ICMS ST: Deve ser configurado um ICMS ST …</div> aka locator("#Linhamenu").get_by_text("Tributo ICMS ST: Deve ser")
    3) <div>Nota Fiscal Processada com Sucesso</div> aka locator("#TABLE1").get_by_text("Nota Fiscal Processada com")
    4) <div>Tributo ICMS ST: Deve ser configurado um ICMS ST …</div> aka locator("#TABLE1").get_by_text("Tributo ICMS ST: Deve ser")

Call log:
  - waiting for locator("#gxErrorViewer > div") to be visible

2026-03-11 17:05:08 [ERROR] Locator.wait_for: Error: strict mode violation: locator("#gxErrorViewer > div") resolved to 4 elements:
    1) <div>Nota Fiscal Processada com Sucesso</div> aka locator("#Linhamenu").get_by_text("Nota Fiscal Processada com")
    2) <div>Tributo ICMS ST: Deve ser configurado um ICMS ST …</div> aka locator("#Linhamenu").get_by_text("Tributo ICMS ST: Deve ser")
    3) <div>Nota Fiscal Processada com Sucesso</div> aka locator("#TABLE1").get_by_text("Nota Fiscal Processada com")
    4) <div>Tributo ICMS ST: Deve ser configurado um ICMS ST …</div> aka locator("#TABLE1").get_by_text("Tributo ICMS ST: Deve ser")

Call log:
  - waiting for locator("#gxErrorViewer > div") to be visible

2026-03-11 17:05:09 [INFO] O tempo de execução de 'cadastro_nf_produto' foi: 72.1550 segundos

2026-03-11 17:07:18 [WARNING] A filial com numero 19 não foi encontrada. Sera mantida a filial TRENTO LOCADORA durante a execucao da task
2026-03-11 17:07:18 [ERROR] A filial com numero 19 não foi encontrada. Sera mantida a filial TRENTO LOCADORA durante a execucao da task
2026-03-11 17:07:18 [SUCCESS] Login realizado!
2026-03-11 17:07:30 [SUCCESS] XML encontrado e selecionado.
2026-03-11 17:07:30 [INFO] Direcionando para a tela de preenchimento da capa da nota...
2026-03-11 17:07:43 [SUCCESS] Categorização dos produtos da nota concluído!
2026-03-11 17:08:52 [ERROR] Não foi possivel preencher a capa da nota, erro: Locator.wait_for: Timeout 30000ms exceeded.
Call log:
  - waiting for locator("#gxErrorViewer > div").first to be visible
    63 × locator resolved to hidden <div>Nota Fiscal Processada com Sucesso</div>

2026-03-11 17:08:52 [ERROR] Locator.wait_for: Timeout 30000ms exceeded.
Call log:
  - waiting for locator("#gxErrorViewer > div").first to be visible
    63 × locator resolved to hidden <div>Nota Fiscal Processada com Sucesso</div>

2026-03-11 17:08:52 [INFO] O tempo de execução de 'cadastro_nf_produto' foi: 101.7016 segundos

2026-03-11 17:12:17 [WARNING] A filial com numero 19 não foi encontrada. Sera mantida a filial TRENTO LOCADORA durante a execucao da task
2026-03-11 17:12:17 [ERROR] A filial com numero 19 não foi encontrada. Sera mantida a filial TRENTO LOCADORA durante a execucao da task
2026-03-11 17:12:17 [SUCCESS] Login realizado!
2026-03-11 17:12:29 [SUCCESS] XML encontrado e selecionado.
2026-03-11 17:12:29 [INFO] Direcionando para a tela de preenchimento da capa da nota...
2026-03-11 17:12:42 [SUCCESS] Categorização dos produtos da nota concluído!
2026-03-11 17:13:21 [ERROR] Não foi possivel preencher a capa da nota, erro: 'NoneType' object has no attribute 'first'
2026-03-11 17:13:21 [ERROR] 'NoneType' object has no attribute 'first'
2026-03-11 17:13:21 [INFO] O tempo de execução de 'cadastro_nf_produto' foi: 71.8728 segundos

2026-03-11 17:14:53 [WARNING] A filial com numero 19 não foi encontrada. Sera mantida a filial TRENTO LOCADORA durante a execucao da task
2026-03-11 17:14:53 [ERROR] A filial com numero 19 não foi encontrada. Sera mantida a filial TRENTO LOCADORA durante a execucao da task
2026-03-11 17:14:53 [SUCCESS] Login realizado!
2026-03-11 17:15:05 [SUCCESS] XML encontrado e selecionado.
2026-03-11 17:15:05 [INFO] Direcionando para a tela de preenchimento da capa da nota...
2026-03-11 17:15:18 [SUCCESS] Categorização dos produtos da nota concluído!
2026-03-11 17:15:58 [ERROR] Não foi possivel preencher a capa da nota, erro: Elemento '#gxErrorViewer > div:nth-child(1)' não encontrado.
2026-03-11 17:15:58 [ERROR] Elemento '#gxErrorViewer > div:nth-child(1)' não encontrado.
2026-03-11 17:15:58 [INFO] O tempo de execução de 'cadastro_nf_produto' foi: 72.7088 segundos

2026-03-11 17:16:38 [WARNING] A filial com numero 19 não foi encontrada. Sera mantida a filial TRENTO LOCADORA durante a execucao da task
2026-03-11 17:16:38 [ERROR] A filial com numero 19 não foi encontrada. Sera mantida a filial TRENTO LOCADORA durante a execucao da task
2026-03-11 17:16:38 [SUCCESS] Login realizado!
2026-03-11 17:16:50 [SUCCESS] XML encontrado e selecionado.
2026-03-11 17:16:50 [INFO] Direcionando para a tela de preenchimento da capa da nota...
2026-03-11 17:17:03 [SUCCESS] Categorização dos produtos da nota concluído!
2026-03-11 17:19:27 [INFO] O tempo de execução de 'cadastro_nf_produto' foi: 176.6650 segundos

2026-03-11 17:19:38 [WARNING] A filial com numero 19 não foi encontrada. Sera mantida a filial TRENTO LOCADORA durante a execucao da task
2026-03-11 17:19:38 [ERROR] A filial com numero 19 não foi encontrada. Sera mantida a filial TRENTO LOCADORA durante a execucao da task
2026-03-11 17:19:38 [SUCCESS] Login realizado!
2026-03-11 17:19:49 [SUCCESS] XML encontrado e selecionado.
2026-03-11 17:19:49 [INFO] Direcionando para a tela de preenchimento da capa da nota...
2026-03-11 17:20:03 [SUCCESS] Categorização dos produtos da nota concluído!
2026-03-11 17:20:45 [SUCCESS] Capa da nota preenchida com sucesso!
2026-03-11 17:23:28 [INFO] O tempo de execução de 'cadastro_nf_produto' foi: 238.7399 segundos

2026-03-11 17:23:38 [WARNING] A filial com numero 19 não foi encontrada. Sera mantida a filial TRENTO LOCADORA durante a execucao da task
2026-03-11 17:23:38 [ERROR] A filial com numero 19 não foi encontrada. Sera mantida a filial TRENTO LOCADORA durante a execucao da task
2026-03-11 17:23:38 [SUCCESS] Login realizado!
2026-03-11 17:24:07 [SUCCESS] nota selecionada, direcionando para a tela de preenchimento da capa da nota...
2026-03-11 17:24:39 [SUCCESS] Capa da nota preenchida com sucesso!
2026-03-11 17:24:44 [INFO] Preenchendo parcela 1 de 2
2026-03-11 17:24:47 [INFO] Preenchendo parcela 2 de 2
2026-03-11 17:24:49 [SUCCESS] Parcelas cadastradas com sucesso!
2026-03-11 17:25:30 [ERROR] Não foi possivel realizar o rateio, erro: Locator.select_option: Timeout 30000ms exceeded.
Call log:
  - waiting for locator("select[id=\"vCONTAGERENCIAL_CODIGO\"]").first
    - locator resolved to <select class="Attribute" id="vCONTAGERENCIAL_CODIGO" onblur=";gx.evt.onblur(93);" name="vCONTAGERENCIAL_CODIGO" onchange="gx.evt.onchange(this)" onfocus="gx.evt.onfocus(this, 93,'',false,'',0)" gxoch0="if(!(gx.evt.jsEvent(this))) return false;">…</select>
  - attempting select option action
    2 × waiting for element to be visible and enabled
      - did not find some options
    - retrying select option action
    - waiting 20ms
    2 × waiting for element to be visible and enabled
      - did not find some options
    - retrying select option action
      - waiting 100ms
    59 × waiting for element to be visible and enabled
       - did not find some options
     - retrying select option action
       - waiting 500ms

2026-03-11 17:25:30 [ERROR] Locator.select_option: Timeout 30000ms exceeded.
Call log:
  - waiting for locator("select[id=\"vCONTAGERENCIAL_CODIGO\"]").first
    - locator resolved to <select class="Attribute" id="vCONTAGERENCIAL_CODIGO" onblur=";gx.evt.onblur(93);" name="vCONTAGERENCIAL_CODIGO" onchange="gx.evt.onchange(this)" onfocus="gx.evt.onfocus(this, 93,'',false,'',0)" gxoch0="if(!(gx.evt.jsEvent(this))) return false;">…</select>
  - attempting select option action
    2 × waiting for element to be visible and enabled
      - did not find some options
    - retrying select option action
    - waiting 20ms
    2 × waiting for element to be visible and enabled
      - did not find some options
    - retrying select option action
      - waiting 100ms
    59 × waiting for element to be visible and enabled
       - did not find some options
     - retrying select option action
       - waiting 500ms

2026-03-11 17:25:30 [INFO] O tempo de execução de 'cadastro_nf_produto' foi: 119.9473 segundos

2026-03-11 17:28:26 [WARNING] A filial com numero 19 não foi encontrada. Sera mantida a filial TRENTO LOCADORA durante a execucao da task
2026-03-11 17:28:26 [ERROR] A filial com numero 19 não foi encontrada. Sera mantida a filial TRENTO LOCADORA durante a execucao da task
2026-03-11 17:28:26 [SUCCESS] Login realizado!
2026-03-11 17:29:26 [ERROR] Não foi possivel preencher a capa da nota, erro: 'NoneType' object has no attribute 'nth'
2026-03-11 17:29:26 [ERROR] 'NoneType' object has no attribute 'nth'
2026-03-11 17:29:26 [INFO] O tempo de execução de 'cadastro_nf_produto' foi: 68.4895 segundos

2026-03-11 17:29:45 [WARNING] A filial com numero 19 não foi encontrada. Sera mantida a filial TRENTO LOCADORA durante a execucao da task
2026-03-11 17:29:45 [ERROR] A filial com numero 19 não foi encontrada. Sera mantida a filial TRENTO LOCADORA durante a execucao da task
2026-03-11 17:29:45 [SUCCESS] Login realizado!
2026-03-11 17:29:55 [ERROR] Não foi possivel preencher a capa da nota, erro: 'NoneType' object has no attribute 'nth'
2026-03-11 17:29:55 [ERROR] 'NoneType' object has no attribute 'nth'
2026-03-11 17:29:55 [INFO] O tempo de execução de 'cadastro_nf_produto' foi: 17.9735 segundos

2026-03-11 17:30:27 [WARNING] A filial com numero 19 não foi encontrada. Sera mantida a filial TRENTO LOCADORA durante a execucao da task
2026-03-11 17:30:27 [ERROR] A filial com numero 19 não foi encontrada. Sera mantida a filial TRENTO LOCADORA durante a execucao da task
2026-03-11 17:30:27 [SUCCESS] Login realizado!
2026-03-11 17:30:54 [SUCCESS] Importação de NFe concluída!
2026-03-11 17:31:05 [SUCCESS] XML encontrado e selecionado.
2026-03-11 17:31:05 [INFO] Direcionando para a tela de preenchimento da capa da nota...
2026-03-11 17:31:18 [SUCCESS] Categorização dos produtos da nota concluído!
2026-03-11 17:32:01 [SUCCESS] Capa da nota preenchida com sucesso!
2026-03-11 17:32:11 [SUCCESS] nota selecionada, direcionando para a tela de preenchimento da capa da nota...
2026-03-11 17:32:27 [SUCCESS] Capa da nota preenchida com sucesso!
2026-03-11 17:32:33 [INFO] Preenchendo parcela 1 de 2
2026-03-11 17:32:36 [INFO] Preenchendo parcela 2 de 2
2026-03-11 17:32:38 [SUCCESS] Parcelas cadastradas com sucesso!
2026-03-11 17:34:02 [ERROR] Não foi possivel realizar o rateio, erro: Locator.select_option: Timeout 30000ms exceeded.
Call log:
  - waiting for locator("select[id=\"vCONTAGERENCIAL_CODIGO\"]").first
    - locator resolved to <select class="Attribute" id="vCONTAGERENCIAL_CODIGO" onblur=";gx.evt.onblur(93);" name="vCONTAGERENCIAL_CODIGO" onchange="gx.evt.onchange(this)" onfocus="gx.evt.onfocus(this, 93,'',false,'',0)" gxoch0="if(!(gx.evt.jsEvent(this))) return false;">…</select>
  - attempting select option action
    2 × waiting for element to be visible and enabled
      - did not find some options
    - retrying select option action
    - waiting 20ms
    2 × waiting for element to be visible and enabled
      - did not find some options
    - retrying select option action
      - waiting 100ms
    59 × waiting for element to be visible and enabled
       - did not find some options
     - retrying select option action
       - waiting 500ms

2026-03-11 17:34:02 [ERROR] Locator.select_option: Timeout 30000ms exceeded.
Call log:
  - waiting for locator("select[id=\"vCONTAGERENCIAL_CODIGO\"]").first
    - locator resolved to <select class="Attribute" id="vCONTAGERENCIAL_CODIGO" onblur=";gx.evt.onblur(93);" name="vCONTAGERENCIAL_CODIGO" onchange="gx.evt.onchange(this)" onfocus="gx.evt.onfocus(this, 93,'',false,'',0)" gxoch0="if(!(gx.evt.jsEvent(this))) return false;">…</select>
  - attempting select option action
    2 × waiting for element to be visible and enabled
      - did not find some options
    - retrying select option action
    - waiting 20ms
    2 × waiting for element to be visible and enabled
      - did not find some options
    - retrying select option action
      - waiting 100ms
    59 × waiting for element to be visible and enabled
       - did not find some options
     - retrying select option action
       - waiting 500ms

2026-03-11 17:34:02 [INFO] O tempo de execução de 'cadastro_nf_produto' foi: 223.6088 segundos

2026-03-11 17:51:06 [ERROR] Elemento '#W0038TABLECENTRO' não encontrado.
2026-03-11 17:51:06 [ERROR] Elemento '#W0038TABLECENTRO' não encontrado.
2026-03-11 17:51:06 [INFO] O tempo de execução de 'cadastro_nf_produto' foi: 7.5934 segundos

2026-03-11 17:52:33 [WARNING] A filial com numero 19 não foi encontrada. Sera mantida a filial TRENTO LOCADORA durante a execucao da task
2026-03-11 17:52:33 [ERROR] A filial com numero 19 não foi encontrada. Sera mantida a filial TRENTO LOCADORA durante a execucao da task
2026-03-11 17:52:33 [SUCCESS] Login realizado!
2026-03-11 17:52:54 [SUCCESS] Importação de NFe concluída!
2026-03-11 17:53:05 [SUCCESS] XML encontrado e selecionado.
2026-03-11 17:53:05 [INFO] Direcionando para a tela de preenchimento da capa da nota...
2026-03-11 17:53:18 [SUCCESS] Categorização dos produtos da nota concluído!
2026-03-11 17:53:20 [ERROR] Não foi possivel preencher a capa da nota, erro: Elemento '#vNOTAFISCAL_GRUPOMOVIMENTO' não encontrado.
2026-03-11 17:53:20 [ERROR] Elemento '#vNOTAFISCAL_GRUPOMOVIMENTO' não encontrado.
2026-03-11 17:53:21 [INFO] O tempo de execução de 'cadastro_nf_produto' foi: 58.2487 segundos

2026-03-11 17:54:13 [WARNING] A filial com numero 19 não foi encontrada. Sera mantida a filial TRENTO LOCADORA durante a execucao da task
2026-03-11 17:54:13 [ERROR] A filial com numero 19 não foi encontrada. Sera mantida a filial TRENTO LOCADORA durante a execucao da task
2026-03-11 17:54:13 [SUCCESS] Login realizado!
2026-03-11 17:54:34 [SUCCESS] Importação de NFe concluída!
2026-03-11 17:54:46 [SUCCESS] XML encontrado e selecionado.
2026-03-11 17:54:46 [INFO] Direcionando para a tela de preenchimento da capa da nota...
2026-03-11 17:54:59 [SUCCESS] Categorização dos produtos da nota concluído!
2026-03-11 17:55:44 [SUCCESS] Capa da nota preenchida com sucesso!
2026-03-11 17:55:54 [SUCCESS] nota selecionada, direcionando para a tela de preenchimento da capa da nota...
2026-03-11 17:56:11 [SUCCESS] Capa da nota preenchida com sucesso!
2026-03-11 17:56:16 [INFO] Preenchendo parcela 1 de 2
2026-03-11 17:56:19 [INFO] Preenchendo parcela 2 de 2
2026-03-11 17:56:21 [SUCCESS] Parcelas cadastradas com sucesso!
2026-03-11 17:56:46 [INFO] O tempo de execução de 'cadastro_nf_produto' foi: 162.3411 segundos

