2026-03-16 17:26:23 [INFO] Iniciando automacao [dealernet.cadastrar_nf_servico] | Guid: 59ea8f3d-d331-4228-8bc8-336cbc3a6e6e
2026-03-16 17:26:35 [WARNING] A filial com numero 19 não foi encontrada. Sera mantida a filial TRENTO LOCADORA durante a execucao da task
2026-03-16 17:26:35 [ERROR] A filial com numero 19 não foi encontrada. Sera mantida a filial TRENTO LOCADORA durante a execucao da task
2026-03-16 17:26:35 [SUCCESS] Login realizado!
2026-03-16 17:27:39 [SUCCESS] Capa da nota preenchida com sucesso!
2026-03-16 17:28:10 [SUCCESS] Item da nota cadastrado com sucesso!
2026-03-16 17:28:12 [ERROR] Não foi possivel cadastrar as parcelas: Elemento '//*[@id="PARCELA"]' não encontrado.
2026-03-16 17:28:12 [ERROR] Elemento '//*[@id="PARCELA"]' não encontrado.
2026-03-16 17:28:12 [INFO] O tempo de execução de 'cadastrar_nf_servico' foi: 110.7664 segundos

2026-03-16 17:28:12 [ERROR] Erro ao executar cadastrar_nf_servico: Elemento '//*[@id="PARCELA"]' não encontrado.
2026-03-16 17:30:32 [INFO] Iniciando automacao [dealernet.cadastrar_nf_servico] | Guid: 59ea8f3d-d331-4228-8bc8-336cbc3a6e6e
2026-03-16 17:30:40 [ERROR] Elemento '#W0038TABLECENTRO' não encontrado.
2026-03-16 17:30:40 [ERROR] Elemento '#W0038TABLECENTRO' não encontrado.
2026-03-16 17:30:40 [INFO] O tempo de execução de 'cadastrar_nf_servico' foi: 8.9350 segundos

2026-03-16 17:30:40 [ERROR] Erro ao executar cadastrar_nf_servico: Elemento '#W0038TABLECENTRO' não encontrado.
2026-03-16 17:33:35 [INFO] Iniciando automacao [dealernet.cadastrar_nf_servico] | Guid: 59ea8f3d-d331-4228-8bc8-336cbc3a6e6e
2026-03-16 17:33:44 [WARNING] A filial com numero 19 não foi encontrada. Sera mantida a filial TRENTO LOCADORA durante a execucao da task
2026-03-16 17:33:44 [ERROR] A filial com numero 19 não foi encontrada. Sera mantida a filial TRENTO LOCADORA durante a execucao da task
2026-03-16 17:33:44 [SUCCESS] Login realizado!
2026-03-16 17:34:12 [ERROR] Não foi possivel preencher a capa da nota, erro: Elemento '#vNOTAFISCAL_NATUREZAOPERACAOCOD' não encontrado.
2026-03-16 17:34:12 [ERROR] Elemento '#vNOTAFISCAL_NATUREZAOPERACAOCOD' não encontrado.
2026-03-16 17:34:12 [INFO] O tempo de execução de 'cadastrar_nf_servico' foi: 39.0340 segundos

2026-03-16 17:34:12 [ERROR] Erro ao executar cadastrar_nf_servico: Elemento '#vNOTAFISCAL_NATUREZAOPERACAOCOD' não encontrado.
2026-03-16 17:36:03 [INFO] Iniciando automacao [dealernet.cadastrar_nf_servico] | Guid: 59ea8f3d-d331-4228-8bc8-336cbc3a6e6e
2026-03-16 17:36:12 [WARNING] A filial com numero 19 não foi encontrada. Sera mantida a filial TRENTO LOCADORA durante a execucao da task
2026-03-16 17:36:12 [ERROR] A filial com numero 19 não foi encontrada. Sera mantida a filial TRENTO LOCADORA durante a execucao da task
2026-03-16 17:36:12 [SUCCESS] Login realizado!
2026-03-16 17:37:07 [SUCCESS] Capa da nota preenchida com sucesso!
2026-03-16 17:37:42 [SUCCESS] Item da nota cadastrado com sucesso!
2026-03-16 17:37:50 [INFO] Preenchendo parcela 1 de 2
2026-03-16 17:37:53 [INFO] Preenchendo parcela 2 de 2
2026-03-16 17:37:55 [SUCCESS] Parcelas cadastradas com sucesso!
2026-03-16 17:38:05 [INFO] O tempo de execução de 'cadastrar_nf_servico' foi: 122.8265 segundos

2026-03-16 17:38:05 [ERROR] Erro ao executar cadastrar_nf_servico: cannot unpack non-iterable NoneType object
2026-03-16 17:41:52 [INFO] Iniciando automacao [dealernet.cadastrar_nf_servico] | Guid: 59ea8f3d-d331-4228-8bc8-336cbc3a6e6e
2026-03-16 17:42:01 [WARNING] A filial com numero 19 não foi encontrada. Sera mantida a filial TRENTO LOCADORA durante a execucao da task
2026-03-16 17:42:01 [ERROR] A filial com numero 19 não foi encontrada. Sera mantida a filial TRENTO LOCADORA durante a execucao da task
2026-03-16 17:42:01 [SUCCESS] Login realizado!
2026-03-16 17:42:58 [ERROR] Não foi possivel preencher a capa da nota, erro: 
2026-03-16 17:42:58 [ERROR] 
2026-03-16 17:42:59 [INFO] O tempo de execução de 'cadastrar_nf_servico' foi: 67.2006 segundos

2026-03-16 17:42:59 [ERROR] Erro ao executar cadastrar_nf_servico: 
2026-03-16 17:45:27 [INFO] Iniciando automacao [dealernet.cadastrar_nf_servico] | Guid: 59ea8f3d-d331-4228-8bc8-336cbc3a6e6e
2026-03-16 17:45:37 [WARNING] A filial com numero 19 não foi encontrada. Sera mantida a filial TRENTO LOCADORA durante a execucao da task
2026-03-16 17:45:37 [ERROR] A filial com numero 19 não foi encontrada. Sera mantida a filial TRENTO LOCADORA durante a execucao da task
2026-03-16 17:45:37 [SUCCESS] Login realizado!
2026-03-16 17:46:35 [ERROR] Não foi possivel preencher a capa da nota, erro: 
2026-03-16 17:46:35 [ERROR] 
2026-03-16 17:46:35 [INFO] O tempo de execução de 'cadastrar_nf_servico' foi: 69.4141 segundos

2026-03-16 17:46:35 [ERROR] Erro ao executar cadastrar_nf_servico: 
2026-03-16 17:49:25 [INFO] Iniciando automacao [dealernet.cadastrar_nf_servico] | Guid: 59ea8f3d-d331-4228-8bc8-336cbc3a6e6e
2026-03-16 17:49:35 [WARNING] A filial com numero 19 não foi encontrada. Sera mantida a filial TRENTO LOCADORA durante a execucao da task
2026-03-16 17:49:35 [ERROR] A filial com numero 19 não foi encontrada. Sera mantida a filial TRENTO LOCADORA durante a execucao da task
2026-03-16 17:49:35 [SUCCESS] Login realizado!
2026-03-16 17:50:32 [ERROR] Não foi possivel preencher a capa da nota, erro: 
2026-03-16 17:50:32 [ERROR] 
2026-03-16 17:50:32 [INFO] O tempo de execução de 'cadastrar_nf_servico' foi: 68.0242 segundos

2026-03-16 17:50:32 [ERROR] Erro ao executar cadastrar_nf_servico: 
